<?xml version="1.0" encoding="UTF-8"?>
<!-- Generated by org.testng.reporters.JUnitReportReporter -->
<testsuite hostname="LAPTOP-ICRU72OQ" failures="0" tests="1" name="TestNG.readExcel" time="0.196" errors="0" timestamp="2022-06-19T18:50:19 IST" skipped="0">
  <testcase classname="TestNG.readExcel" name="ReadExcelFileDemo" time="0.196"/>
  <system-out/>
</testsuite> <!-- TestNG.readExcel -->
