<?xml version="1.0" encoding="UTF-8"?>
<!-- Generated by org.testng.reporters.JUnitReportReporter -->
<testsuite hostname="LAPTOP-ICRU72OQ" failures="0" tests="2" name="TestNG.Amazon" time="0.007" errors="0" timestamp="2022-06-15T14:33:13 IST" skipped="0">
  <testcase classname="TestNG.Amazon" name="B" time="0.001"/>
  <system-out/>
  <testcase classname="TestNG.Amazon" name="A" time="0.006"/>
  <system-out/>
</testsuite> <!-- TestNG.Amazon -->
