<?xml version="1.0" encoding="UTF-8"?>
<!-- Generated by org.testng.reporters.JUnitReportReporter -->
<testsuite hostname="LAPTOP-ICRU72OQ" failures="0" tests="1" name="TestNG.writeToExcel" time="0.519" errors="0" timestamp="2022-06-19T18:59:10 IST" skipped="0">
  <testcase classname="TestNG.writeToExcel" name="ReadExcelFileDemo" time="0.519"/>
  <system-out/>
</testsuite> <!-- TestNG.writeToExcel -->
