<?xml version="1.0" encoding="UTF-8"?>
<!-- Generated by org.testng.reporters.JUnitReportReporter -->
<testsuite hostname="LAPTOP-ICRU72OQ" failures="0" tests="5" name="TestNG.PrintThirdString" time="8.322" errors="0" timestamp="2022-06-19T17:50:23 IST" skipped="0">
  <testcase classname="TestNG.PrintThirdString" name="third" time="3.737"/>
  <system-out/>
  <testcase classname="TestNG.PrintThirdString" name="StringToUpper" time="0.001"/>
  <system-out/>
  <testcase classname="TestNG.PrintThirdString" name="insertinList" time="0.001"/>
  <system-out/>
  <testcase classname="TestNG.PrintThirdString" name="star" time="4.581"/>
  <system-out/>
  <testcase classname="TestNG.PrintThirdString" name="multiplication" time="0.002"/>
  <system-out/>
</testsuite> <!-- TestNG.PrintThirdString -->
