<?xml version="1.0" encoding="UTF-8"?>
<!-- Generated by org.testng.reporters.JUnitReportReporter -->
<testsuite hostname="LAPTOP-ICRU72OQ" failures="0" tests="1" name="TestNG.biggestNumber" time="7.293" errors="0" timestamp="2022-06-18T17:28:28 IST" skipped="0">
  <testcase classname="TestNG.biggestNumber" name="bigestNumber" time="7.293"/>
  <system-out/>
</testsuite> <!-- TestNG.biggestNumber -->
